2025/03/24 12:21:34 [получен запрос]
2025/03/24 12:21:34 [логин:  {1 1}]
2025/03/24 12:21:34 [найдено совпадение по пользователю: {f48808f4-e901-415e-b312-44829e120915 1 $2a$08$OBL3YQvhRBmnxlbrpfgfZuHcrwV6qDrAFR1q6.ogTvM1bwrlIdRfm}]
2025/03/24 12:21:34 [jwt токен: eyJhbGciOiJIUzI1NiIsInR5cCI6IkpXVCJ9.eyJwYXNzd29yZCI6IiQyYSQwOCRPQkwzWVF2aFJCbW54bGJycGZnZlp1SGNyd1Y2cURyQUZSMXE2Lm9nVHZNMWJ3cmxJZFJmbSIsInVzZXJuYW1lIjoiMSJ9.2jO9z7in0JS_eRtOQsCEvI1BQvrCggwqc64zVcIGk6s]
2025/03/24 12:21:50 [получен запрос]
2025/03/24 12:21:50 [логин:  {1 2}]
2025/03/24 12:21:50 [пароль не совпадает с хешем]
2025/03/24 12:22:01 [получен запрос]
2025/03/24 12:22:01 [логин:  {2 1}]
2025/03/24 12:22:01 [пользователь не найден]
2025/03/24 12:22:10 [получен запрос]
2025/03/24 12:22:10 [логин:  {1 1}]
2025/03/24 12:22:10 [найдено совпадение по пользователю: {f48808f4-e901-415e-b312-44829e120915 1 $2a$08$OBL3YQvhRBmnxlbrpfgfZuHcrwV6qDrAFR1q6.ogTvM1bwrlIdRfm}]
2025/03/24 12:22:10 [jwt токен: eyJhbGciOiJIUzI1NiIsInR5cCI6IkpXVCJ9.eyJwYXNzd29yZCI6IiQyYSQwOCRPQkwzWVF2aFJCbW54bGJycGZnZlp1SGNyd1Y2cURyQUZSMXE2Lm9nVHZNMWJ3cmxJZFJmbSIsInVzZXJuYW1lIjoiMSJ9.2jO9z7in0JS_eRtOQsCEvI1BQvrCggwqc64zVcIGk6s]
2025/03/24 12:23:44 получен запрос
2025/03/24 12:23:44 логин:  {1 1}
2025/03/24 12:23:44 найдено совпадение по пользователю: {f48808f4-e901-415e-b312-44829e120915 1 $2a$08$OBL3YQvhRBmnxlbrpfgfZuHcrwV6qDrAFR1q6.ogTvM1bwrlIdRfm}
2025/03/24 12:23:44 jwt токен: eyJhbGciOiJIUzI1NiIsInR5cCI6IkpXVCJ9.eyJwYXNzd29yZCI6IiQyYSQwOCRPQkwzWVF2aFJCbW54bGJycGZnZlp1SGNyd1Y2cURyQUZSMXE2Lm9nVHZNMWJ3cmxJZFJmbSIsInVzZXJuYW1lIjoiMSJ9.2jO9z7in0JS_eRtOQsCEvI1BQvrCggwqc64zVcIGk6s
2025/03/26 17:46:58 Паспорт не создан {103975a3-f0bb-4424-9e5f-c8b2e399a3bd Moscow Russian Male 1234 567890 Moscow Police Department 2010-05-15 123-456}
2025/03/26 17:46:58 Адрес не создан {3f9e8377-c7d9-4383-b9e8-0db82e414d3d 123456 Moscow Region Moscow Lenina 10 2 15}
2025/03/26 17:46:58 Уровень образования не найден Высшее
2025/03/26 17:47:43 Паспорт не создан {21bc74b1-930a-41d9-8d58-962119be1693 Moscow Russian Male 1234 567890 Moscow Police Department 2010-05-15 123-456}
2025/03/26 17:47:43 Адрес не создан {38084483-459d-4244-8513-1adc5846fbff 123456 Moscow Region Moscow Lenina 10 2 15}
2025/03/26 17:47:43 Уровень образования не найден Высшее
2025/03/26 18:59:36 took POST req
2025/03/26 18:59:36 logged user:  {1 1}
2025/03/26 18:59:36 taken user: {f48808f4-e901-415e-b312-44829e120915 1 $2a$08$OBL3YQvhRBmnxlbrpfgfZuHcrwV6qDrAFR1q6.ogTvM1bwrlIdRfm}
2025/03/26 18:59:36 jwt token: eyJhbGciOiJIUzI1NiIsInR5cCI6IkpXVCJ9.eyJwYXNzd29yZCI6IiQyYSQwOCRPQkwzWVF2aFJCbW54bGJycGZnZlp1SGNyd1Y2cURyQUZSMXE2Lm9nVHZNMWJ3cmxJZFJmbSIsInVzZXJuYW1lIjoiMSJ9.2jO9z7in0JS_eRtOQsCEvI1BQvrCggwqc64zVcIGk6s
2025/03/26 18:59:37 took POST req
2025/03/26 18:59:37 logged user:  {1 1}
2025/03/26 18:59:37 taken user: {f48808f4-e901-415e-b312-44829e120915 1 $2a$08$OBL3YQvhRBmnxlbrpfgfZuHcrwV6qDrAFR1q6.ogTvM1bwrlIdRfm}
2025/03/26 18:59:37 jwt token: eyJhbGciOiJIUzI1NiIsInR5cCI6IkpXVCJ9.eyJwYXNzd29yZCI6IiQyYSQwOCRPQkwzWVF2aFJCbW54bGJycGZnZlp1SGNyd1Y2cURyQUZSMXE2Lm9nVHZNMWJ3cmxJZFJmbSIsInVzZXJuYW1lIjoiMSJ9.2jO9z7in0JS_eRtOQsCEvI1BQvrCggwqc64zVcIGk6s
2025/03/26 18:59:43 took POST req
2025/03/26 18:59:43 logged user:  {1 1}
2025/03/26 18:59:43 taken user: {f48808f4-e901-415e-b312-44829e120915 1 $2a$08$OBL3YQvhRBmnxlbrpfgfZuHcrwV6qDrAFR1q6.ogTvM1bwrlIdRfm}
2025/03/26 18:59:43 jwt token: eyJhbGciOiJIUzI1NiIsInR5cCI6IkpXVCJ9.eyJwYXNzd29yZCI6IiQyYSQwOCRPQkwzWVF2aFJCbW54bGJycGZnZlp1SGNyd1Y2cURyQUZSMXE2Lm9nVHZNMWJ3cmxJZFJmbSIsInVzZXJuYW1lIjoiMSJ9.2jO9z7in0JS_eRtOQsCEvI1BQvrCggwqc64zVcIGk6s
2025/03/26 19:02:36 Паспорт не создан {36bcdd61-6993-4775-abdd-501dfbca5b30 Moscow Russian Male 1234 567890 Moscow Police Department 2010-05-15 123-456}
2025/03/26 19:02:36 Адрес не создан {c98dfd55-3557-4b5f-80cd-778165c92524 123456 Moscow Region Moscow Lenina 10 2 15}
2025/03/26 19:02:36 Образование слушателя не создано {5e87e2af-dbee-4f6a-ad27-59c63be5daa0 123 456 2015-06-20 Moscow Moscow Region Moscow State University Computer Science c7751554-fd95-48ef-9775-8c720d44a054 {00000000-0000-0000-0000-000000000000 }}
2025/03/26 19:02:36 Место работы не создано {2f79c050-fe1f-4ecb-ac27-84765ccaa9fb Yandex Software Engineer 5 3}
